timestamp: 2012-11-21T09:21:54.265932
CREATE TABLE laptops(
    id_laptop INTEGER NOT NULL,
    serial_number CHAR(512),
    name CHAR(512),
    mac_eth0 CHAR(512),
    mac_wlan0 CHAR(512),
    battery_sn CHAR(512),
    charger_sn CHAR(512),
    id_trademark INTEGER,
    PRIMARY KEY(id_laptop)) ;
success!
timestamp: 2012-11-21T09:21:54.344778
CREATE TABLE laptops_trademarks(
    id_trademark INTEGER NOT NULL,
    trademark CHAR(512),
    model CHAR(512),
    PRIMARY KEY(id_trademark)) ;
success!
timestamp: 2012-11-21T09:21:54.395403
CREATE TABLE users_types(
    id_user_type INTEGER NOT NULL,
    user_type CHAR(512),
    PRIMARY KEY(id_user_type)) ;
success!
timestamp: 2012-11-21T09:21:54.447261
CREATE TABLE laptops_historical(
    id_historical INTEGER NOT NULL,
    id_laptop INTEGER,
    datetime TIMESTAMP,
    username CHAR(512),
    name CHAR(512),
    id_user_type INTEGER,
    nif CHAR(512),
    comment CHAR(512),
    id_state INTEGER,
    PRIMARY KEY(id_historical)) ;
success!
timestamp: 2012-11-21T09:21:54.619170
CREATE TABLE states(
    id_state INTEGER NOT NULL,
    state CHAR(512),
    PRIMARY KEY(id_state)) ;
success!
timestamp: 2012-11-21T09:21:55.022221
CREATE TABLE auth_user(
    id INTEGER PRIMARY KEY AUTOINCREMENT,
    first_name CHAR(128),
    last_name CHAR(128),
    email CHAR(512),
    username CHAR(128),
    password CHAR(512),
    registration_key CHAR(512),
    reset_password_key CHAR(512),
    registration_id CHAR(512)
);
success!
timestamp: 2012-11-21T09:21:55.100227
CREATE TABLE auth_group(
    id INTEGER PRIMARY KEY AUTOINCREMENT,
    role CHAR(512),
    description TEXT
);
success!
timestamp: 2012-11-21T09:21:55.151040
CREATE TABLE auth_membership(
    id INTEGER PRIMARY KEY AUTOINCREMENT,
    user_id INTEGER REFERENCES auth_user (id) ON DELETE CASCADE,
    group_id INTEGER REFERENCES auth_group (id) ON DELETE CASCADE
);
success!
timestamp: 2012-11-21T09:21:55.239681
CREATE TABLE auth_permission(
    id INTEGER PRIMARY KEY AUTOINCREMENT,
    group_id INTEGER REFERENCES auth_group (id) ON DELETE CASCADE,
    name CHAR(512),
    table_name CHAR(512),
    record_id INTEGER
);
success!
timestamp: 2012-11-21T09:21:55.290460
CREATE TABLE auth_event(
    id INTEGER PRIMARY KEY AUTOINCREMENT,
    time_stamp TIMESTAMP,
    client_ip CHAR(512),
    user_id INTEGER REFERENCES auth_user (id) ON DELETE CASCADE,
    origin CHAR(512),
    description TEXT
);
success!
timestamp: 2012-11-21T09:21:55.373231
CREATE TABLE auth_cas(
    id INTEGER PRIMARY KEY AUTOINCREMENT,
    user_id INTEGER REFERENCES auth_user (id) ON DELETE CASCADE,
    created_on TIMESTAMP,
    service CHAR(512),
    ticket CHAR(512),
    renew CHAR(1)
);
success!
